2024-06-28 00:02:44,391 INFO In Function connect_db()...
2024-06-28 00:02:44,422 INFO Connection to DB server 127.0.0.1 has been established successfully.
2024-06-28 00:02:44,422 INFO In Function extract_mastertable()...
2024-06-28 00:02:44,422 INFO Executed Stored Procedure: usp_executablesconfig
2024-06-28 00:02:44,422 INFO In Function extract_mastertable()...
2024-06-28 00:02:44,422 INFO Executed Stored Procedure: usp_executablesconfig
2024-06-28 00:02:44,422 INFO In Function extract_mastertable()...
2024-06-28 00:02:44,422 INFO Executed Stored Procedure: usp_executablesconfig
2024-06-28 00:02:44,422 INFO In Function extract_mastertable()...
2024-06-28 00:02:44,422 INFO Executed Stored Procedure: usp_executablesconfig
2024-06-28 00:02:44,422 INFO In Function extract_mastertable()...
2024-06-28 00:02:44,438 INFO Executed Stored Procedure: usp_executablesconfig
2024-06-28 00:02:44,438 INFO In Function extract_mastertable()...
2024-06-28 00:02:44,438 INFO Executed Stored Procedure: usp_executablesconfig
2024-06-28 00:02:44,438 INFO In Function extract_mastertable()...
2024-06-28 00:02:44,438 INFO Executed Stored Procedure: usp_executablesconfig
2024-06-28 00:02:44,438 INFO In Function extract_mastertable()...
2024-06-28 00:02:44,438 INFO Executed Stored Procedure: usp_executablesconfig
2024-06-28 00:02:44,438 INFO In Function extract_mastertable()...
2024-06-28 00:02:44,438 INFO Executed Stored Procedure: usp_executablesconfig
2024-06-28 00:02:44,438 INFO Started executing SNMPTrap program
2024-06-28 00:02:44,438 INFO Read details from Configration file
2024-06-28 00:02:44,438 INFO Inside function -snmpEnginesetup()
2024-06-28 00:02:44,438 INFO Creating snmpEngine ....
2024-06-28 00:02:44,438 INFO ('4', '172.17.254.230', '1', '162', 'public', '8000000001020304', 'wipro', 'wipro@123', 'CMD5')
2024-06-28 00:02:45,110 INFO SNMP version 1 with community key :public 
2024-06-28 00:02:45,110 INFO Inside function - add_transport()
2024-06-28 00:02:45,110 INFO Establishing UDP connection .... 
2024-06-28 00:02:45,110 INFO Successfully extablished UDP connection .... 
2024-06-28 00:02:45,110 INFO Trap Listener started .....
2024-06-28 00:02:45,110 INFO To Stop Press Ctrl+c
